<?xml version="1.0" encoding="UTF-8" ?>
<testsuite failures="0" time="2.064" errors="0" skipped="0" tests="9" name="org.exoplatform.bookstore.storage.BookStorageTest">
  <properties>
    <property name="java.runtime.name" value="Java(TM) SE Runtime Environment"/>
    <property name="org.apache.lucene.maxClauseCount" value="3000"/>
    <property name="sun.boot.library.path" value="/home/quangpld/java/jdk1.6/jre/lib/i386"/>
    <property name="java.vm.version" value="20.2-b06"/>
    <property name="java.vm.vendor" value="Sun Microsystems Inc."/>
    <property name="java.vendor.url" value="http://java.sun.com/"/>
    <property name="path.separator" value=":"/>
    <property name="java.vm.name" value="Java HotSpot(TM) Server VM"/>
    <property name="file.encoding.pkg" value="sun.io"/>
    <property name="user.country" value="US"/>
    <property name="sun.java.launcher" value="SUN_STANDARD"/>
    <property name="sun.os.patch.level" value="unknown"/>
    <property name="java.vm.specification.name" value="Java Virtual Machine Specification"/>
    <property name="user.dir" value="/home/quangpld/workspace/bookstore-0.2-SNAPSHOT/bookstore-core"/>
    <property name="java.runtime.version" value="1.6.0_27-b07"/>
    <property name="java.awt.graphicsenv" value="sun.awt.X11GraphicsEnvironment"/>
    <property name="basedir" value="/home/quangpld/workspace/bookstore-0.2-SNAPSHOT/bookstore-core"/>
    <property name="java.endorsed.dirs" value="/home/quangpld/java/jdk1.6/jre/lib/endorsed"/>
    <property name="os.arch" value="i386"/>
    <property name="surefire.real.class.path" value="/home/quangpld/workspace/bookstore-0.2-SNAPSHOT/bookstore-core/target/surefire/surefirebooter1429999860210451662.jar"/>
    <property name="java.io.tmpdir" value="/tmp"/>
    <property name="line.separator" value="
"/>
    <property name="java.vm.specification.vendor" value="Sun Microsystems Inc."/>
    <property name="os.name" value="Linux"/>
    <property name="sun.jnu.encoding" value="UTF-8"/>
    <property name="java.library.path" value="/home/quangpld/java/jdk1.6/jre/lib/i386/server:/home/quangpld/java/jdk1.6/jre/lib/i386:/home/quangpld/java/jdk1.6/jre/../lib/i386:/usr/java/packages/lib/i386:/lib:/usr/lib"/>
    <property name="surefire.test.class.path" value="/home/quangpld/workspace/bookstore-0.2-SNAPSHOT/bookstore-core/target/test-classes:/home/quangpld/workspace/bookstore-0.2-SNAPSHOT/bookstore-core/target/classes:/home/quangpld/java/exo-dependencies/repository/org/exoplatform/core/exo.core.component.organization.api/2.4.0-CR2/exo.core.component.organization.api-2.4.0-CR2.jar:/home/quangpld/java/exo-dependencies/repository/org/exoplatform/kernel/exo.kernel.container/2.3.0-CR2/exo.kernel.container-2.3.0-CR2.jar:/home/quangpld/java/exo-dependencies/repository/org/jibx/jibx-bind/1.2.2/jibx-bind-1.2.2.jar:/home/quangpld/java/exo-dependencies/repository/bcel/bcel/5.1/bcel-5.1.jar:/home/quangpld/java/exo-dependencies/repository/org/jibx/jibx-extras/1.2.2/jibx-extras-1.2.2.jar:/home/quangpld/java/exo-dependencies/repository/org/exoplatform/kernel/exo.kernel.commons/2.3.0-CR2/exo.kernel.commons-2.3.0-CR2.jar:/home/quangpld/java/exo-dependencies/repository/xdoclet/xdoclet-hibernate-module/1.2.3/xdoclet-hibernate-module-1.2.3.jar:/home/quangpld/java/exo-dependencies/repository/xdoclet/xdoclet/1.2.3/xdoclet-1.2.3.jar:/home/quangpld/java/exo-dependencies/repository/xdoclet/xdoclet-xdoclet-module/1.2.3/xdoclet-xdoclet-module-1.2.3.jar:/home/quangpld/java/exo-dependencies/repository/xdoclet/xjavadoc/1.2.3/xjavadoc-1.2.3.jar:/home/quangpld/java/exo-dependencies/repository/xstream/xstream/1.0.2/xstream-1.0.2.jar:/home/quangpld/java/exo-dependencies/repository/picocontainer/picocontainer/1.1/picocontainer-1.1.jar:/home/quangpld/java/exo-dependencies/repository/jmock/jmock/1.0.1/jmock-1.0.1.jar:/home/quangpld/java/exo-dependencies/repository/org/exoplatform/core/exo.core.component.organization.jdbc/2.4.0-CR2/exo.core.component.organization.jdbc-2.4.0-CR2.jar:/home/quangpld/java/exo-dependencies/repository/org/exoplatform/tool/exo.tool.framework.junit/1.2.1-GA/exo.tool.framework.junit-1.2.1-GA.jar:/home/quangpld/java/exo-dependencies/repository/javax/portlet/portlet-api/2.0/portlet-api-2.0.jar:/home/quangpld/java/exo-dependencies/repository/javax/faces/jsf-api/1.2_13/jsf-api-1.2_13.jar:/home/quangpld/java/exo-dependencies/repository/org/exoplatform/kernel/exo.kernel.component.common/2.3.0-CR2/exo.kernel.component.common-2.3.0-CR2.jar:/home/quangpld/java/exo-dependencies/repository/org/ow2/jotm/jotm-core/2.1.9/jotm-core-2.1.9.jar:/home/quangpld/java/exo-dependencies/repository/org/ow2/spec/ee/ow2-jta-1.1-spec/1.0-M1/ow2-jta-1.1-spec-1.0-M1.jar:/home/quangpld/java/exo-dependencies/repository/org/ow2/carol/carol/3.0.6/carol-3.0.6.jar:/home/quangpld/java/exo-dependencies/repository/org/ow2/carol/carol-interceptors/1.0.1/carol-interceptors-1.0.1.jar:/home/quangpld/java/exo-dependencies/repository/org/ow2/carol/irmi/irmi/1.1.2/irmi-1.1.2.jar:/home/quangpld/java/exo-dependencies/repository/org/jacorb/jacorb/2.2.3-jonas-patch-20071018/jacorb-2.2.3-jonas-patch-20071018.jar:/home/quangpld/java/exo-dependencies/repository/avalon-framework/avalon-framework/4.1.5/avalon-framework-4.1.5.jar:/home/quangpld/java/exo-dependencies/repository/org/jacorb/jacorb-idl/2.2.3-jonas-patch-20071018/jacorb-idl-2.2.3-jonas-patch-20071018.jar:/home/quangpld/java/exo-dependencies/repository/logkit/logkit/1.2/logkit-1.2.jar:/home/quangpld/java/exo-dependencies/repository/commons-logging/commons-logging-api/1.1/commons-logging-api-1.1.jar:/home/quangpld/java/exo-dependencies/repository/org/objectweb/howl/howl/1.0.1-1/howl-1.0.1-1.jar:/home/quangpld/java/exo-dependencies/repository/org/quartz-scheduler/quartz/1.8.4/quartz-1.8.4.jar:/home/quangpld/java/exo-dependencies/repository/org/hibernate/hibernate-core/3.3.2.GA/hibernate-core-3.3.2.GA.jar:/home/quangpld/java/exo-dependencies/repository/antlr/antlr/2.7.6/antlr-2.7.6.jar:/home/quangpld/java/exo-dependencies/repository/dom4j/dom4j/1.6.1/dom4j-1.6.1.jar:/home/quangpld/java/exo-dependencies/repository/org/exoplatform/core/exo.core.component.database/2.4.0-CR2/exo.core.component.database-2.4.0-CR2.jar:/home/quangpld/java/exo-dependencies/repository/com/experlog/xapool/1.5.0/xapool-1.5.0.jar:/home/quangpld/java/exo-dependencies/repository/org/hibernate/hibernate-annotations/3.4.0.GA/hibernate-annotations-3.4.0.GA.jar:/home/quangpld/java/exo-dependencies/repository/org/hibernate/ejb3-persistence/1.0.2.GA/ejb3-persistence-1.0.2.GA.jar:/home/quangpld/java/exo-dependencies/repository/org/hibernate/hibernate-commons-annotations/3.1.0.GA/hibernate-commons-annotations-3.1.0.GA.jar:/home/quangpld/java/exo-dependencies/repository/org/exoplatform/core/exo.core.component.security.core/2.4.0-CR2/exo.core.component.security.core-2.4.0-CR2.jar:/home/quangpld/java/exo-dependencies/repository/javax/servlet/servlet-api/2.4/servlet-api-2.4.jar:/home/quangpld/java/exo-dependencies/repository/commons-lang/commons-lang/2.6/commons-lang-2.6.jar:/home/quangpld/java/exo-dependencies/repository/org/chromattic/chromattic.api/1.1.0-beta6/chromattic.api-1.1.0-beta6.jar:/home/quangpld/java/exo-dependencies/repository/javax/jcr/jcr/1.0/jcr-1.0.jar:/home/quangpld/java/exo-dependencies/repository/org/chromattic/chromattic.core/1.1.0-beta6/chromattic.core-1.1.0-beta6.jar:/home/quangpld/java/exo-dependencies/repository/org/chromattic/chromattic.common/1.1.0-beta6/chromattic.common-1.1.0-beta6.jar:/home/quangpld/java/exo-dependencies/repository/org/reflext/reflext.api/1.1.0-beta12/reflext.api-1.1.0-beta12.jar:/home/quangpld/java/exo-dependencies/repository/org/reflext/reflext.core/1.1.0-beta12/reflext.core-1.1.0-beta12.jar:/home/quangpld/java/exo-dependencies/repository/org/reflext/reflext.spi/1.1.0-beta12/reflext.spi-1.1.0-beta12.jar:/home/quangpld/java/exo-dependencies/repository/org/reflext/reflext.jlr/1.1.0-beta12/reflext.jlr-1.1.0-beta12.jar:/home/quangpld/java/exo-dependencies/repository/org/chromattic/chromattic.metamodel/1.1.0-beta6/chromattic.metamodel-1.1.0-beta6.jar:/home/quangpld/java/exo-dependencies/repository/org/chromattic/chromattic.apt/1.1.0-beta6/chromattic.apt-1.1.0-beta6.jar:/home/quangpld/java/exo-dependencies/repository/org/reflext/reflext.apt/1.1.0-beta12/reflext.apt-1.1.0-beta12.jar:/home/quangpld/java/exo-dependencies/repository/org/chromattic/chromattic.spi/1.1.0-beta6/chromattic.spi-1.1.0-beta6.jar:/home/quangpld/java/exo-dependencies/repository/org/chromattic/chromattic.exo/1.1.0-beta6/chromattic.exo-1.1.0-beta6.jar:/home/quangpld/java/exo-dependencies/repository/hsqldb/hsqldb/1.8.0.7/hsqldb-1.8.0.7.jar:/home/quangpld/java/exo-dependencies/repository/org/chromattic/chromattic.ext/1.1.1/chromattic.ext-1.1.1.jar:/home/quangpld/java/exo-dependencies/repository/org/hsqldb/hsqldb/1.8.0.10/hsqldb-1.8.0.10.jar:/home/quangpld/java/exo-dependencies/repository/org/exoplatform/jcr/exo.jcr.component.core/1.14.0-CR2/exo.jcr.component.core-1.14.0-CR2.jar:/home/quangpld/java/exo-dependencies/repository/org/exoplatform/kernel/exo.kernel.component.command/2.3.0-CR2/exo.kernel.component.command-2.3.0-CR2.jar:/home/quangpld/java/exo-dependencies/repository/commons-digester/commons-digester/1.8.1/commons-digester-1.8.1.jar:/home/quangpld/java/exo-dependencies/repository/org/exoplatform/core/exo.core.component.document/2.4.0-CR2/exo.core.component.document-2.4.0-CR2.jar:/home/quangpld/java/exo-dependencies/repository/org/apache/pdfbox/pdfbox/1.4.0/pdfbox-1.4.0.jar:/home/quangpld/java/exo-dependencies/repository/org/apache/pdfbox/fontbox/1.4.0/fontbox-1.4.0.jar:/home/quangpld/java/exo-dependencies/repository/org/apache/pdfbox/jempbox/1.4.0/jempbox-1.4.0.jar:/home/quangpld/java/exo-dependencies/repository/org/htmlparser/htmlparser/1.6/htmlparser-1.6.jar:/home/quangpld/java/exo-dependencies/repository/org/apache/poi/poi/3.6/poi-3.6.jar:/home/quangpld/java/exo-dependencies/repository/org/apache/poi/poi-scratchpad/3.6/poi-scratchpad-3.6.jar:/home/quangpld/java/exo-dependencies/repository/org/apache/poi/poi-ooxml/3.6/poi-ooxml-3.6.jar:/home/quangpld/java/exo-dependencies/repository/org/apache/poi/poi-ooxml-schemas/3.6/poi-ooxml-schemas-3.6.jar:/home/quangpld/java/exo-dependencies/repository/org/apache/xmlbeans/xmlbeans/2.3.0/xmlbeans-2.3.0.jar:/home/quangpld/java/exo-dependencies/repository/org/apache/tika/tika-core/0.7/tika-core-0.7.jar:/home/quangpld/java/exo-dependencies/repository/org/apache/tika/tika-parsers/0.7/tika-parsers-0.7.jar:/home/quangpld/java/exo-dependencies/repository/org/apache/commons/commons-compress/1.0/commons-compress-1.0.jar:/home/quangpld/java/exo-dependencies/repository/org/bouncycastle/bcmail-jdk15/1.45/bcmail-jdk15-1.45.jar:/home/quangpld/java/exo-dependencies/repository/org/bouncycastle/bcprov-jdk15/1.45/bcprov-jdk15-1.45.jar:/home/quangpld/java/exo-dependencies/repository/org/apache/geronimo/specs/geronimo-stax-api_1.0_spec/1.0.1/geronimo-stax-api_1.0_spec-1.0.1.jar:/home/quangpld/java/exo-dependencies/repository/org/ccil/cowan/tagsoup/tagsoup/1.2/tagsoup-1.2.jar:/home/quangpld/java/exo-dependencies/repository/asm/asm/3.1/asm-3.1.jar:/home/quangpld/java/exo-dependencies/repository/com/drewnoakes/metadata-extractor/2.4.0-beta-1/metadata-extractor-2.4.0-beta-1.jar:/home/quangpld/java/exo-dependencies/repository/org/apache/lucene/lucene-core/2.9.4/lucene-core-2.9.4.jar:/home/quangpld/java/exo-dependencies/repository/org/apache/lucene/lucene-spellchecker/2.9.4/lucene-spellchecker-2.9.4.jar:/home/quangpld/java/exo-dependencies/repository/org/apache/lucene/lucene-memory/2.9.4/lucene-memory-2.9.4.jar:/home/quangpld/java/exo-dependencies/repository/com/sun/xml/stream/sjsxp/1.0.1/sjsxp-1.0.1.jar:/home/quangpld/java/exo-dependencies/repository/javax/xml/stream/stax-api/1.0/stax-api-1.0.jar:/home/quangpld/java/exo-dependencies/repository/commons-dbcp/commons-dbcp/1.4/commons-dbcp-1.4.jar:/home/quangpld/java/exo-dependencies/repository/commons-pool/commons-pool/1.5.5/commons-pool-1.5.5.jar:/home/quangpld/java/exo-dependencies/repository/commons-chain/commons-chain/1.2/commons-chain-1.2.jar:/home/quangpld/java/exo-dependencies/repository/xml-apis/xml-apis/1.0.b2/xml-apis-1.0.b2.jar:/home/quangpld/java/exo-dependencies/repository/org/slf4j/slf4j-api/1.5.8/slf4j-api-1.5.8.jar:/home/quangpld/java/exo-dependencies/repository/org/jibx/jibx-run/1.2.2/jibx-run-1.2.2.jar:/home/quangpld/java/exo-dependencies/repository/org/codehaus/woodstox/wstx-asl/3.2.1/wstx-asl-3.2.1.jar:/home/quangpld/java/exo-dependencies/repository/stax/stax-api/1.0.1/stax-api-1.0.1.jar:/home/quangpld/java/exo-dependencies/repository/javax/resource/connector-api/1.5/connector-api-1.5.jar:/home/quangpld/java/exo-dependencies/repository/javax/transaction/jta/1.1/jta-1.1.jar:/home/quangpld/java/exo-dependencies/repository/concurrent/concurrent/1.3.4/concurrent-1.3.4.jar:/home/quangpld/java/exo-dependencies/repository/commons-collections/commons-collections/3.2.1/commons-collections-3.2.1.jar:/home/quangpld/java/exo-dependencies/repository/commons-beanutils/commons-beanutils/1.8.3/commons-beanutils-1.8.3.jar:/home/quangpld/java/exo-dependencies/repository/commons-io/commons-io/1.3.2/commons-io-1.3.2.jar:/home/quangpld/java/exo-dependencies/repository/org/jgroups/jgroups/2.11.1.Final/jgroups-2.11.1.Final.jar:/home/quangpld/java/exo-dependencies/repository/commons-logging/commons-logging/1.1.1/commons-logging-1.1.1.jar:/home/quangpld/java/exo-dependencies/repository/xpp3/xpp3/1.1.4c/xpp3-1.1.4c.jar:/home/quangpld/java/exo-dependencies/repository/jboss/jbossts/jbossjts/4.6.1.GA/jbossjts-4.6.1.GA.jar:/home/quangpld/java/exo-dependencies/repository/jboss/jbossts/jbossts-common/4.6.1.GA/jbossts-common-4.6.1.GA.jar:/home/quangpld/java/exo-dependencies/repository/org/apache/ws/commons/ws-commons-util/1.0.1/ws-commons-util-1.0.1.jar:/home/quangpld/java/exo-dependencies/repository/org/jboss/cache/jbosscache-core/3.2.6.GA/jbosscache-core-3.2.6.GA.jar:/home/quangpld/java/exo-dependencies/repository/org/jboss/javaee/jboss-transaction-api/1.0.1.GA/jboss-transaction-api-1.0.1.GA.jar:/home/quangpld/java/exo-dependencies/repository/org/jboss/jboss-common-core/2.2.14.GA/jboss-common-core-2.2.14.GA.jar:/home/quangpld/java/exo-dependencies/repository/org/jboss/logging/jboss-logging-spi/2.0.5.GA/jboss-logging-spi-2.0.5.GA.jar:/home/quangpld/java/exo-dependencies/repository/org/infinispan/infinispan-core/4.2.1.FINAL/infinispan-core-4.2.1.FINAL.jar:/home/quangpld/java/exo-dependencies/repository/org/jboss/marshalling/river/1.2.3.GA/river-1.2.3.GA.jar:/home/quangpld/java/exo-dependencies/repository/org/jboss/marshalling/marshalling-api/1.2.3.GA/marshalling-api-1.2.3.GA.jar:/home/quangpld/java/exo-dependencies/repository/org/rhq/helpers/rhq-pluginAnnotations/3.0.1/rhq-pluginAnnotations-3.0.1.jar:/home/quangpld/java/exo-dependencies/repository/i18nlog/i18nlog/1.0.10/i18nlog-1.0.10.jar:/home/quangpld/java/exo-dependencies/repository/org/infinispan/infinispan-cachestore-jdbc/4.2.1.FINAL/infinispan-cachestore-jdbc-4.2.1.FINAL.jar:/home/quangpld/java/exo-dependencies/repository/c3p0/c3p0/0.9.1.2/c3p0-0.9.1.2.jar:/home/quangpld/java/exo-dependencies/repository/org/exoplatform/jcr/exo.jcr.component.ext/1.14.0-CR2/exo.jcr.component.ext-1.14.0-CR2.jar:/home/quangpld/java/exo-dependencies/repository/org/exoplatform/core/exo.core.component.script.groovy/2.4.0-CR2/exo.core.component.script.groovy-2.4.0-CR2.jar:/home/quangpld/java/exo-dependencies/repository/org/codehaus/groovy/groovy-all/1.7.6/groovy-all-1.7.6.jar:/home/quangpld/java/exo-dependencies/repository/org/exoplatform/ws/exo.ws.rest.ext/2.2.0-CR2/exo.ws.rest.ext-2.2.0-CR2.jar:/home/quangpld/java/exo-dependencies/repository/org/exoplatform/core/exo.core.component.xml-processing/2.4.0-CR2/exo.core.component.xml-processing-2.4.0-CR2.jar:/home/quangpld/java/exo-dependencies/repository/org/exoplatform/ws/exo.ws.commons/2.2.0-CR2/exo.ws.commons-2.2.0-CR2.jar:/home/quangpld/java/exo-dependencies/repository/org/exoplatform/ws/exo.ws.frameworks.json/2.2.0-CR2/exo.ws.frameworks.json-2.2.0-CR2.jar:/home/quangpld/java/exo-dependencies/repository/javax/annotation/jsr250-api/1.0/jsr250-api-1.0.jar:/home/quangpld/java/exo-dependencies/repository/javax/ws/rs/jsr311-api/1.0/jsr311-api-1.0.jar:/home/quangpld/java/exo-dependencies/repository/commons-fileupload/commons-fileupload/1.2.1/commons-fileupload-1.2.1.jar:/home/quangpld/java/exo-dependencies/repository/junit/junit/3.8.1/junit-3.8.1.jar:/home/quangpld/java/exo-dependencies/repository/org/exoplatform/kernel/exo.kernel.component.cache/2.3.0-CR2/exo.kernel.component.cache-2.3.0-CR2.jar:/home/quangpld/java/exo-dependencies/repository/org/exoplatform/portal/exo.portal.component.test.core/3.2.1-PLF-SNAPSHOT/exo.portal.component.test.core-3.2.1-PLF-SNAPSHOT.jar:/home/quangpld/java/exo-dependencies/repository/org/gatein/common/common-logging/2.0.4-GA/common-logging-2.0.4-GA.jar:/home/quangpld/java/exo-dependencies/repository/net/jcip/jcip-annotations/1.0/jcip-annotations-1.0.jar:/home/quangpld/java/exo-dependencies/repository/org/slf4j/slf4j-log4j12/1.5.8/slf4j-log4j12-1.5.8.jar:/home/quangpld/java/exo-dependencies/repository/log4j/log4j/1.2.14/log4j-1.2.14.jar:/home/quangpld/java/exo-dependencies/repository/org/exoplatform/ws/exo.ws.rest.core/2.2.0-CR2/exo.ws.rest.core-2.2.0-CR2.jar:/home/quangpld/java/exo-dependencies/repository/javax/mail/mail/1.4.4/mail-1.4.4.jar:/home/quangpld/java/exo-dependencies/repository/javax/activation/activation/1.1.1/activation-1.1.1.jar:/home/quangpld/java/exo-dependencies/repository/net/sf/jtidy/jtidy/r938/jtidy-r938.jar:/home/quangpld/java/exo-dependencies/repository/javax/xml/bind/jaxb-api/2.1/jaxb-api-2.1.jar:/home/quangpld/java/exo-dependencies/repository/javax/inject/javax.inject/1/javax.inject-1.jar:/home/quangpld/java/exo-dependencies/repository/org/exoplatform/ws/exo.ws.testframework/2.2.0-CR2/exo.ws.testframework-2.2.0-CR2.jar:/home/quangpld/java/exo-dependencies/repository/org/gatein/common/common-common/2.0.4-GA/common-common-2.0.4-GA.jar:/home/quangpld/java/exo-dependencies/repository/org/exoplatform/social/exo.social.component.core/1.2.5-SNAPSHOT/exo.social.component.core-1.2.5-SNAPSHOT.jar:"/>
    <property name="java.specification.name" value="Java Platform API Specification"/>
    <property name="java.class.version" value="50.0"/>
    <property name="sun.management.compiler" value="HotSpot Tiered Compilers"/>
    <property name="exo.standalone-container" value="org.exoplatform.container.StandaloneContainer"/>
    <property name="os.version" value="2.6.38-13-generic-pae"/>
    <property name="user.home" value="/home/quangpld"/>
    <property name="user.timezone" value="Asia/Ho_Chi_Minh"/>
    <property name="java.awt.printerjob" value="sun.print.PSPrinterJob"/>
    <property name="java.specification.version" value="1.6"/>
    <property name="file.encoding" value="UTF-8"/>
    <property name="user.name" value="quangpld"/>
    <property name="java.class.path" value="/home/quangpld/workspace/bookstore-0.2-SNAPSHOT/bookstore-core/target/test-classes:/home/quangpld/workspace/bookstore-0.2-SNAPSHOT/bookstore-core/target/classes:/home/quangpld/java/exo-dependencies/repository/org/exoplatform/core/exo.core.component.organization.api/2.4.0-CR2/exo.core.component.organization.api-2.4.0-CR2.jar:/home/quangpld/java/exo-dependencies/repository/org/exoplatform/kernel/exo.kernel.container/2.3.0-CR2/exo.kernel.container-2.3.0-CR2.jar:/home/quangpld/java/exo-dependencies/repository/org/jibx/jibx-bind/1.2.2/jibx-bind-1.2.2.jar:/home/quangpld/java/exo-dependencies/repository/bcel/bcel/5.1/bcel-5.1.jar:/home/quangpld/java/exo-dependencies/repository/org/jibx/jibx-extras/1.2.2/jibx-extras-1.2.2.jar:/home/quangpld/java/exo-dependencies/repository/org/exoplatform/kernel/exo.kernel.commons/2.3.0-CR2/exo.kernel.commons-2.3.0-CR2.jar:/home/quangpld/java/exo-dependencies/repository/xdoclet/xdoclet-hibernate-module/1.2.3/xdoclet-hibernate-module-1.2.3.jar:/home/quangpld/java/exo-dependencies/repository/xdoclet/xdoclet/1.2.3/xdoclet-1.2.3.jar:/home/quangpld/java/exo-dependencies/repository/xdoclet/xdoclet-xdoclet-module/1.2.3/xdoclet-xdoclet-module-1.2.3.jar:/home/quangpld/java/exo-dependencies/repository/xdoclet/xjavadoc/1.2.3/xjavadoc-1.2.3.jar:/home/quangpld/java/exo-dependencies/repository/xstream/xstream/1.0.2/xstream-1.0.2.jar:/home/quangpld/java/exo-dependencies/repository/picocontainer/picocontainer/1.1/picocontainer-1.1.jar:/home/quangpld/java/exo-dependencies/repository/jmock/jmock/1.0.1/jmock-1.0.1.jar:/home/quangpld/java/exo-dependencies/repository/org/exoplatform/core/exo.core.component.organization.jdbc/2.4.0-CR2/exo.core.component.organization.jdbc-2.4.0-CR2.jar:/home/quangpld/java/exo-dependencies/repository/org/exoplatform/tool/exo.tool.framework.junit/1.2.1-GA/exo.tool.framework.junit-1.2.1-GA.jar:/home/quangpld/java/exo-dependencies/repository/javax/portlet/portlet-api/2.0/portlet-api-2.0.jar:/home/quangpld/java/exo-dependencies/repository/javax/faces/jsf-api/1.2_13/jsf-api-1.2_13.jar:/home/quangpld/java/exo-dependencies/repository/org/exoplatform/kernel/exo.kernel.component.common/2.3.0-CR2/exo.kernel.component.common-2.3.0-CR2.jar:/home/quangpld/java/exo-dependencies/repository/org/ow2/jotm/jotm-core/2.1.9/jotm-core-2.1.9.jar:/home/quangpld/java/exo-dependencies/repository/org/ow2/spec/ee/ow2-jta-1.1-spec/1.0-M1/ow2-jta-1.1-spec-1.0-M1.jar:/home/quangpld/java/exo-dependencies/repository/org/ow2/carol/carol/3.0.6/carol-3.0.6.jar:/home/quangpld/java/exo-dependencies/repository/org/ow2/carol/carol-interceptors/1.0.1/carol-interceptors-1.0.1.jar:/home/quangpld/java/exo-dependencies/repository/org/ow2/carol/irmi/irmi/1.1.2/irmi-1.1.2.jar:/home/quangpld/java/exo-dependencies/repository/org/jacorb/jacorb/2.2.3-jonas-patch-20071018/jacorb-2.2.3-jonas-patch-20071018.jar:/home/quangpld/java/exo-dependencies/repository/avalon-framework/avalon-framework/4.1.5/avalon-framework-4.1.5.jar:/home/quangpld/java/exo-dependencies/repository/org/jacorb/jacorb-idl/2.2.3-jonas-patch-20071018/jacorb-idl-2.2.3-jonas-patch-20071018.jar:/home/quangpld/java/exo-dependencies/repository/logkit/logkit/1.2/logkit-1.2.jar:/home/quangpld/java/exo-dependencies/repository/commons-logging/commons-logging-api/1.1/commons-logging-api-1.1.jar:/home/quangpld/java/exo-dependencies/repository/org/objectweb/howl/howl/1.0.1-1/howl-1.0.1-1.jar:/home/quangpld/java/exo-dependencies/repository/org/quartz-scheduler/quartz/1.8.4/quartz-1.8.4.jar:/home/quangpld/java/exo-dependencies/repository/org/hibernate/hibernate-core/3.3.2.GA/hibernate-core-3.3.2.GA.jar:/home/quangpld/java/exo-dependencies/repository/antlr/antlr/2.7.6/antlr-2.7.6.jar:/home/quangpld/java/exo-dependencies/repository/dom4j/dom4j/1.6.1/dom4j-1.6.1.jar:/home/quangpld/java/exo-dependencies/repository/org/exoplatform/core/exo.core.component.database/2.4.0-CR2/exo.core.component.database-2.4.0-CR2.jar:/home/quangpld/java/exo-dependencies/repository/com/experlog/xapool/1.5.0/xapool-1.5.0.jar:/home/quangpld/java/exo-dependencies/repository/org/hibernate/hibernate-annotations/3.4.0.GA/hibernate-annotations-3.4.0.GA.jar:/home/quangpld/java/exo-dependencies/repository/org/hibernate/ejb3-persistence/1.0.2.GA/ejb3-persistence-1.0.2.GA.jar:/home/quangpld/java/exo-dependencies/repository/org/hibernate/hibernate-commons-annotations/3.1.0.GA/hibernate-commons-annotations-3.1.0.GA.jar:/home/quangpld/java/exo-dependencies/repository/org/exoplatform/core/exo.core.component.security.core/2.4.0-CR2/exo.core.component.security.core-2.4.0-CR2.jar:/home/quangpld/java/exo-dependencies/repository/javax/servlet/servlet-api/2.4/servlet-api-2.4.jar:/home/quangpld/java/exo-dependencies/repository/commons-lang/commons-lang/2.6/commons-lang-2.6.jar:/home/quangpld/java/exo-dependencies/repository/org/chromattic/chromattic.api/1.1.0-beta6/chromattic.api-1.1.0-beta6.jar:/home/quangpld/java/exo-dependencies/repository/javax/jcr/jcr/1.0/jcr-1.0.jar:/home/quangpld/java/exo-dependencies/repository/org/chromattic/chromattic.core/1.1.0-beta6/chromattic.core-1.1.0-beta6.jar:/home/quangpld/java/exo-dependencies/repository/org/chromattic/chromattic.common/1.1.0-beta6/chromattic.common-1.1.0-beta6.jar:/home/quangpld/java/exo-dependencies/repository/org/reflext/reflext.api/1.1.0-beta12/reflext.api-1.1.0-beta12.jar:/home/quangpld/java/exo-dependencies/repository/org/reflext/reflext.core/1.1.0-beta12/reflext.core-1.1.0-beta12.jar:/home/quangpld/java/exo-dependencies/repository/org/reflext/reflext.spi/1.1.0-beta12/reflext.spi-1.1.0-beta12.jar:/home/quangpld/java/exo-dependencies/repository/org/reflext/reflext.jlr/1.1.0-beta12/reflext.jlr-1.1.0-beta12.jar:/home/quangpld/java/exo-dependencies/repository/org/chromattic/chromattic.metamodel/1.1.0-beta6/chromattic.metamodel-1.1.0-beta6.jar:/home/quangpld/java/exo-dependencies/repository/org/chromattic/chromattic.apt/1.1.0-beta6/chromattic.apt-1.1.0-beta6.jar:/home/quangpld/java/exo-dependencies/repository/org/reflext/reflext.apt/1.1.0-beta12/reflext.apt-1.1.0-beta12.jar:/home/quangpld/java/exo-dependencies/repository/org/chromattic/chromattic.spi/1.1.0-beta6/chromattic.spi-1.1.0-beta6.jar:/home/quangpld/java/exo-dependencies/repository/org/chromattic/chromattic.exo/1.1.0-beta6/chromattic.exo-1.1.0-beta6.jar:/home/quangpld/java/exo-dependencies/repository/hsqldb/hsqldb/1.8.0.7/hsqldb-1.8.0.7.jar:/home/quangpld/java/exo-dependencies/repository/org/chromattic/chromattic.ext/1.1.1/chromattic.ext-1.1.1.jar:/home/quangpld/java/exo-dependencies/repository/org/hsqldb/hsqldb/1.8.0.10/hsqldb-1.8.0.10.jar:/home/quangpld/java/exo-dependencies/repository/org/exoplatform/jcr/exo.jcr.component.core/1.14.0-CR2/exo.jcr.component.core-1.14.0-CR2.jar:/home/quangpld/java/exo-dependencies/repository/org/exoplatform/kernel/exo.kernel.component.command/2.3.0-CR2/exo.kernel.component.command-2.3.0-CR2.jar:/home/quangpld/java/exo-dependencies/repository/commons-digester/commons-digester/1.8.1/commons-digester-1.8.1.jar:/home/quangpld/java/exo-dependencies/repository/org/exoplatform/core/exo.core.component.document/2.4.0-CR2/exo.core.component.document-2.4.0-CR2.jar:/home/quangpld/java/exo-dependencies/repository/org/apache/pdfbox/pdfbox/1.4.0/pdfbox-1.4.0.jar:/home/quangpld/java/exo-dependencies/repository/org/apache/pdfbox/fontbox/1.4.0/fontbox-1.4.0.jar:/home/quangpld/java/exo-dependencies/repository/org/apache/pdfbox/jempbox/1.4.0/jempbox-1.4.0.jar:/home/quangpld/java/exo-dependencies/repository/org/htmlparser/htmlparser/1.6/htmlparser-1.6.jar:/home/quangpld/java/exo-dependencies/repository/org/apache/poi/poi/3.6/poi-3.6.jar:/home/quangpld/java/exo-dependencies/repository/org/apache/poi/poi-scratchpad/3.6/poi-scratchpad-3.6.jar:/home/quangpld/java/exo-dependencies/repository/org/apache/poi/poi-ooxml/3.6/poi-ooxml-3.6.jar:/home/quangpld/java/exo-dependencies/repository/org/apache/poi/poi-ooxml-schemas/3.6/poi-ooxml-schemas-3.6.jar:/home/quangpld/java/exo-dependencies/repository/org/apache/xmlbeans/xmlbeans/2.3.0/xmlbeans-2.3.0.jar:/home/quangpld/java/exo-dependencies/repository/org/apache/tika/tika-core/0.7/tika-core-0.7.jar:/home/quangpld/java/exo-dependencies/repository/org/apache/tika/tika-parsers/0.7/tika-parsers-0.7.jar:/home/quangpld/java/exo-dependencies/repository/org/apache/commons/commons-compress/1.0/commons-compress-1.0.jar:/home/quangpld/java/exo-dependencies/repository/org/bouncycastle/bcmail-jdk15/1.45/bcmail-jdk15-1.45.jar:/home/quangpld/java/exo-dependencies/repository/org/bouncycastle/bcprov-jdk15/1.45/bcprov-jdk15-1.45.jar:/home/quangpld/java/exo-dependencies/repository/org/apache/geronimo/specs/geronimo-stax-api_1.0_spec/1.0.1/geronimo-stax-api_1.0_spec-1.0.1.jar:/home/quangpld/java/exo-dependencies/repository/org/ccil/cowan/tagsoup/tagsoup/1.2/tagsoup-1.2.jar:/home/quangpld/java/exo-dependencies/repository/asm/asm/3.1/asm-3.1.jar:/home/quangpld/java/exo-dependencies/repository/com/drewnoakes/metadata-extractor/2.4.0-beta-1/metadata-extractor-2.4.0-beta-1.jar:/home/quangpld/java/exo-dependencies/repository/org/apache/lucene/lucene-core/2.9.4/lucene-core-2.9.4.jar:/home/quangpld/java/exo-dependencies/repository/org/apache/lucene/lucene-spellchecker/2.9.4/lucene-spellchecker-2.9.4.jar:/home/quangpld/java/exo-dependencies/repository/org/apache/lucene/lucene-memory/2.9.4/lucene-memory-2.9.4.jar:/home/quangpld/java/exo-dependencies/repository/com/sun/xml/stream/sjsxp/1.0.1/sjsxp-1.0.1.jar:/home/quangpld/java/exo-dependencies/repository/javax/xml/stream/stax-api/1.0/stax-api-1.0.jar:/home/quangpld/java/exo-dependencies/repository/commons-dbcp/commons-dbcp/1.4/commons-dbcp-1.4.jar:/home/quangpld/java/exo-dependencies/repository/commons-pool/commons-pool/1.5.5/commons-pool-1.5.5.jar:/home/quangpld/java/exo-dependencies/repository/commons-chain/commons-chain/1.2/commons-chain-1.2.jar:/home/quangpld/java/exo-dependencies/repository/xml-apis/xml-apis/1.0.b2/xml-apis-1.0.b2.jar:/home/quangpld/java/exo-dependencies/repository/org/slf4j/slf4j-api/1.5.8/slf4j-api-1.5.8.jar:/home/quangpld/java/exo-dependencies/repository/org/jibx/jibx-run/1.2.2/jibx-run-1.2.2.jar:/home/quangpld/java/exo-dependencies/repository/org/codehaus/woodstox/wstx-asl/3.2.1/wstx-asl-3.2.1.jar:/home/quangpld/java/exo-dependencies/repository/stax/stax-api/1.0.1/stax-api-1.0.1.jar:/home/quangpld/java/exo-dependencies/repository/javax/resource/connector-api/1.5/connector-api-1.5.jar:/home/quangpld/java/exo-dependencies/repository/javax/transaction/jta/1.1/jta-1.1.jar:/home/quangpld/java/exo-dependencies/repository/concurrent/concurrent/1.3.4/concurrent-1.3.4.jar:/home/quangpld/java/exo-dependencies/repository/commons-collections/commons-collections/3.2.1/commons-collections-3.2.1.jar:/home/quangpld/java/exo-dependencies/repository/commons-beanutils/commons-beanutils/1.8.3/commons-beanutils-1.8.3.jar:/home/quangpld/java/exo-dependencies/repository/commons-io/commons-io/1.3.2/commons-io-1.3.2.jar:/home/quangpld/java/exo-dependencies/repository/org/jgroups/jgroups/2.11.1.Final/jgroups-2.11.1.Final.jar:/home/quangpld/java/exo-dependencies/repository/commons-logging/commons-logging/1.1.1/commons-logging-1.1.1.jar:/home/quangpld/java/exo-dependencies/repository/xpp3/xpp3/1.1.4c/xpp3-1.1.4c.jar:/home/quangpld/java/exo-dependencies/repository/jboss/jbossts/jbossjts/4.6.1.GA/jbossjts-4.6.1.GA.jar:/home/quangpld/java/exo-dependencies/repository/jboss/jbossts/jbossts-common/4.6.1.GA/jbossts-common-4.6.1.GA.jar:/home/quangpld/java/exo-dependencies/repository/org/apache/ws/commons/ws-commons-util/1.0.1/ws-commons-util-1.0.1.jar:/home/quangpld/java/exo-dependencies/repository/org/jboss/cache/jbosscache-core/3.2.6.GA/jbosscache-core-3.2.6.GA.jar:/home/quangpld/java/exo-dependencies/repository/org/jboss/javaee/jboss-transaction-api/1.0.1.GA/jboss-transaction-api-1.0.1.GA.jar:/home/quangpld/java/exo-dependencies/repository/org/jboss/jboss-common-core/2.2.14.GA/jboss-common-core-2.2.14.GA.jar:/home/quangpld/java/exo-dependencies/repository/org/jboss/logging/jboss-logging-spi/2.0.5.GA/jboss-logging-spi-2.0.5.GA.jar:/home/quangpld/java/exo-dependencies/repository/org/infinispan/infinispan-core/4.2.1.FINAL/infinispan-core-4.2.1.FINAL.jar:/home/quangpld/java/exo-dependencies/repository/org/jboss/marshalling/river/1.2.3.GA/river-1.2.3.GA.jar:/home/quangpld/java/exo-dependencies/repository/org/jboss/marshalling/marshalling-api/1.2.3.GA/marshalling-api-1.2.3.GA.jar:/home/quangpld/java/exo-dependencies/repository/org/rhq/helpers/rhq-pluginAnnotations/3.0.1/rhq-pluginAnnotations-3.0.1.jar:/home/quangpld/java/exo-dependencies/repository/i18nlog/i18nlog/1.0.10/i18nlog-1.0.10.jar:/home/quangpld/java/exo-dependencies/repository/org/infinispan/infinispan-cachestore-jdbc/4.2.1.FINAL/infinispan-cachestore-jdbc-4.2.1.FINAL.jar:/home/quangpld/java/exo-dependencies/repository/c3p0/c3p0/0.9.1.2/c3p0-0.9.1.2.jar:/home/quangpld/java/exo-dependencies/repository/org/exoplatform/jcr/exo.jcr.component.ext/1.14.0-CR2/exo.jcr.component.ext-1.14.0-CR2.jar:/home/quangpld/java/exo-dependencies/repository/org/exoplatform/core/exo.core.component.script.groovy/2.4.0-CR2/exo.core.component.script.groovy-2.4.0-CR2.jar:/home/quangpld/java/exo-dependencies/repository/org/codehaus/groovy/groovy-all/1.7.6/groovy-all-1.7.6.jar:/home/quangpld/java/exo-dependencies/repository/org/exoplatform/ws/exo.ws.rest.ext/2.2.0-CR2/exo.ws.rest.ext-2.2.0-CR2.jar:/home/quangpld/java/exo-dependencies/repository/org/exoplatform/core/exo.core.component.xml-processing/2.4.0-CR2/exo.core.component.xml-processing-2.4.0-CR2.jar:/home/quangpld/java/exo-dependencies/repository/org/exoplatform/ws/exo.ws.commons/2.2.0-CR2/exo.ws.commons-2.2.0-CR2.jar:/home/quangpld/java/exo-dependencies/repository/org/exoplatform/ws/exo.ws.frameworks.json/2.2.0-CR2/exo.ws.frameworks.json-2.2.0-CR2.jar:/home/quangpld/java/exo-dependencies/repository/javax/annotation/jsr250-api/1.0/jsr250-api-1.0.jar:/home/quangpld/java/exo-dependencies/repository/javax/ws/rs/jsr311-api/1.0/jsr311-api-1.0.jar:/home/quangpld/java/exo-dependencies/repository/commons-fileupload/commons-fileupload/1.2.1/commons-fileupload-1.2.1.jar:/home/quangpld/java/exo-dependencies/repository/junit/junit/3.8.1/junit-3.8.1.jar:/home/quangpld/java/exo-dependencies/repository/org/exoplatform/kernel/exo.kernel.component.cache/2.3.0-CR2/exo.kernel.component.cache-2.3.0-CR2.jar:/home/quangpld/java/exo-dependencies/repository/org/exoplatform/portal/exo.portal.component.test.core/3.2.1-PLF-SNAPSHOT/exo.portal.component.test.core-3.2.1-PLF-SNAPSHOT.jar:/home/quangpld/java/exo-dependencies/repository/org/gatein/common/common-logging/2.0.4-GA/common-logging-2.0.4-GA.jar:/home/quangpld/java/exo-dependencies/repository/net/jcip/jcip-annotations/1.0/jcip-annotations-1.0.jar:/home/quangpld/java/exo-dependencies/repository/org/slf4j/slf4j-log4j12/1.5.8/slf4j-log4j12-1.5.8.jar:/home/quangpld/java/exo-dependencies/repository/log4j/log4j/1.2.14/log4j-1.2.14.jar:/home/quangpld/java/exo-dependencies/repository/org/exoplatform/ws/exo.ws.rest.core/2.2.0-CR2/exo.ws.rest.core-2.2.0-CR2.jar:/home/quangpld/java/exo-dependencies/repository/javax/mail/mail/1.4.4/mail-1.4.4.jar:/home/quangpld/java/exo-dependencies/repository/javax/activation/activation/1.1.1/activation-1.1.1.jar:/home/quangpld/java/exo-dependencies/repository/net/sf/jtidy/jtidy/r938/jtidy-r938.jar:/home/quangpld/java/exo-dependencies/repository/javax/xml/bind/jaxb-api/2.1/jaxb-api-2.1.jar:/home/quangpld/java/exo-dependencies/repository/javax/inject/javax.inject/1/javax.inject-1.jar:/home/quangpld/java/exo-dependencies/repository/org/exoplatform/ws/exo.ws.testframework/2.2.0-CR2/exo.ws.testframework-2.2.0-CR2.jar:/home/quangpld/java/exo-dependencies/repository/org/gatein/common/common-common/2.0.4-GA/common-common-2.0.4-GA.jar:/home/quangpld/java/exo-dependencies/repository/org/exoplatform/social/exo.social.component.core/1.2.5-SNAPSHOT/exo.social.component.core-1.2.5-SNAPSHOT.jar:"/>
    <property name="java.naming.factory.initial" value="org.exoplatform.services.naming.SimpleContextFactory"/>
    <property name="java.vm.specification.version" value="1.0"/>
    <property name="sun.arch.data.model" value="32"/>
    <property name="java.home" value="/home/quangpld/java/jdk1.6/jre"/>
    <property name="sun.java.command" value="/home/quangpld/workspace/bookstore-0.2-SNAPSHOT/bookstore-core/target/surefire/surefirebooter1429999860210451662.jar /home/quangpld/workspace/bookstore-0.2-SNAPSHOT/bookstore-core/target/surefire/surefire6461831072467604646tmp /home/quangpld/workspace/bookstore-0.2-SNAPSHOT/bookstore-core/target/surefire/surefire9193785719491753837tmp"/>
    <property name="java.specification.vendor" value="Sun Microsystems Inc."/>
    <property name="user.language" value="en"/>
    <property name="java.vm.info" value="mixed mode"/>
    <property name="java.version" value="1.6.0_27"/>
    <property name="java.ext.dirs" value="/home/quangpld/java/jdk1.6/jre/lib/ext:/usr/java/packages/lib/ext"/>
    <property name="sun.boot.class.path" value="/home/quangpld/java/jdk1.6/jre/lib/resources.jar:/home/quangpld/java/jdk1.6/jre/lib/rt.jar:/home/quangpld/java/jdk1.6/jre/lib/sunrsasign.jar:/home/quangpld/java/jdk1.6/jre/lib/jsse.jar:/home/quangpld/java/jdk1.6/jre/lib/jce.jar:/home/quangpld/java/jdk1.6/jre/lib/charsets.jar:/home/quangpld/java/jdk1.6/jre/lib/modules/jdk.boot.jar:/home/quangpld/java/jdk1.6/jre/classes"/>
    <property name="java.vendor" value="Sun Microsystems Inc."/>
    <property name="java.security.auth.login.config" value="file:/home/quangpld/workspace/bookstore-0.2-SNAPSHOT/bookstore-core/target/test-classes/conf/portal/login.conf"/>
    <property name="localRepository" value="/home/quangpld/java/exo-dependencies/repository"/>
    <property name="file.separator" value="/"/>
    <property name="java.vendor.url.bug" value="http://java.sun.com/cgi-bin/bugreport.cgi"/>
    <property name="sun.cpu.endian" value="little"/>
    <property name="sun.io.unicode.encoding" value="UnicodeLittle"/>
    <property name="sun.desktop" value="gnome"/>
    <property name="sun.cpu.isalist" value=""/>
  </properties>
  <testcase time="0.119" classname="org.exoplatform.bookstore.storage.BookStorageTest" name="testFindById"/>
  <testcase time="0.228" classname="org.exoplatform.bookstore.storage.BookStorageTest" name="testUpdateBook"/>
  <testcase time="0.173" classname="org.exoplatform.bookstore.storage.BookStorageTest" name="testFindByIsbn"/>
  <testcase time="0.264" classname="org.exoplatform.bookstore.storage.BookStorageTest" name="testFindByTitle"/>
  <testcase time="0.118" classname="org.exoplatform.bookstore.storage.BookStorageTest" name="testBookStorage"/>
  <testcase time="0.288" classname="org.exoplatform.bookstore.storage.BookStorageTest" name="testFindAll"/>
  <testcase time="0.351" classname="org.exoplatform.bookstore.storage.BookStorageTest" name="testIsExist"/>
  <testcase time="0.232" classname="org.exoplatform.bookstore.storage.BookStorageTest" name="testDeleteBook"/>
  <testcase time="0.289" classname="org.exoplatform.bookstore.storage.BookStorageTest" name="testDeleteAll"/>
</testsuite>